[INFO] Scanning for projects...
[INFO] 
[INFO] ---------------------< com.janconnect:JanConnect >----------------------
[INFO] Building JanConnect 0.0.1-SNAPSHOT
[INFO]   from pom.xml
[INFO] --------------------------------[ jar ]---------------------------------
[INFO] 
[INFO] >>> spring-boot:3.5.4:run (default-cli) > test-compile @ JanConnect >>>
[INFO] 
[INFO] --- resources:3.3.1:resources (default-resources) @ JanConnect ---
[INFO] Copying 4 resources from src\main\resources to target\classes
[INFO] Copying 1 resource from src\main\resources to target\classes
[INFO] 
[INFO] --- compiler:3.14.0:compile (default-compile) @ JanConnect ---
[INFO] Nothing to compile - all classes are up to date.
[INFO] 
[INFO] --- resources:3.3.1:testResources (default-testResources) @ JanConnect ---
[INFO] skip non existing resourceDirectory C:\Projects\JanConnect\JanConnect\src\test\resources
[INFO] 
[INFO] --- compiler:3.14.0:testCompile (default-testCompile) @ JanConnect ---
[INFO] Nothing to compile - all classes are up to date.
[INFO] 
[INFO] <<< spring-boot:3.5.4:run (default-cli) < test-compile @ JanConnect <<<
[INFO] 
[INFO] 
[INFO] --- spring-boot:3.5.4:run (default-cli) @ JanConnect ---
[INFO] Attaching agents: []
01:00:51,767 |-WARN in ch.qos.logback.core.model.processor.AppenderModelHandler - Appender named [ASYNC_FILE] not referenced. Skipping further processing.
01:00:51,767 |-WARN in ch.qos.logback.core.model.processor.AppenderModelHandler - Appender named [ASYNC_ERROR_FILE] not referenced. Skipping further processing.

  .   ____          _            __ _ _
 /\\ / ___'_ __ _ _(_)_ __  __ _ \ \ \ \
( ( )\___ | '_ | '_| | '_ \/ _` | \ \ \ \
 \\/  ___)| |_)| | | | | || (_| |  ) ) ) )
  '  |____| .__|_| |_|_| |_\__, | / / / /
 =========|_|==============|___/=/_/_/_/

 :: Spring Boot ::                (v3.5.4)

01:00:51.792 [34mINFO [0;39m [36m[background-preinit][0;39m [33m[][0;39m [1;37mo.h.validator.internal.util.Version[0;39m - HV000001: Hibernate Validator 8.0.2.Final
01:00:51.834 [34mINFO [0;39m [36m[main][0;39m [33m[][0;39m [1;37mc.janconnect.JanConnectApplication[0;39m - Starting JanConnectApplication using Java 21.0.6 with PID 1984 (C:\Projects\JanConnect\JanConnect\target\classes started by jay81 in C:\Projects\JanConnect\JanConnect)
01:00:51.835 [39mDEBUG[0;39m [36m[main][0;39m [33m[][0;39m [1;37mc.janconnect.JanConnectApplication[0;39m - Running with Spring Boot v3.5.4, Spring v6.2.9
01:00:51.836 [34mINFO [0;39m [36m[main][0;39m [33m[][0;39m [1;37mc.janconnect.JanConnectApplication[0;39m - The following 1 profile is active: "dev"
01:00:52.628 [34mINFO [0;39m [36m[main][0;39m [33m[][0;39m [1;37mo.s.d.r.c.RepositoryConfigurationDelegate[0;39m - Bootstrapping Spring Data JPA repositories in DEFAULT mode.
01:00:52.654 [34mINFO [0;39m [36m[main][0;39m [33m[][0;39m [1;37mo.s.d.r.c.RepositoryConfigurationDelegate[0;39m - Finished Spring Data repository scanning in 14 ms. Found 0 JPA repository interfaces.
01:00:53.137 [34mINFO [0;39m [36m[main][0;39m [33m[][0;39m [1;37mo.s.b.w.e.tomcat.TomcatWebServer[0;39m - Tomcat initialized with port 9090 (http)
01:00:53.148 [34mINFO [0;39m [36m[main][0;39m [33m[][0;39m [1;37mo.a.coyote.http11.Http11NioProtocol[0;39m - Initializing ProtocolHandler ["http-nio-9090"]
01:00:53.152 [34mINFO [0;39m [36m[main][0;39m [33m[][0;39m [1;37mo.a.catalina.core.StandardService[0;39m - Starting service [Tomcat]
01:00:53.152 [34mINFO [0;39m [36m[main][0;39m [33m[][0;39m [1;37mo.a.catalina.core.StandardEngine[0;39m - Starting Servlet engine: [Apache Tomcat/10.1.43]
01:00:53.227 [34mINFO [0;39m [36m[main][0;39m [33m[][0;39m [1;37mo.a.c.c.C.[Tomcat].[localhost].[/][0;39m - Initializing Spring embedded WebApplicationContext
01:00:53.229 [34mINFO [0;39m [36m[main][0;39m [33m[][0;39m [1;37mo.s.b.w.s.c.ServletWebServerApplicationContext[0;39m - Root WebApplicationContext: initialization completed in 1365 ms
01:00:53.342 [39mDEBUG[0;39m [36m[main][0;39m [33m[][0;39m [1;37mo.s.w.f.ServerHttpObservationFilter[0;39m - Filter 'webMvcObservationFilter' configured for use
01:00:53.344 [39mDEBUG[0;39m [36m[main][0;39m [33m[][0;39m [1;37mc.j.security.ApiKeyAuthFilter[0;39m - Filter 'apiKeyAuthFilter' configured for use
01:00:53.344 [39mDEBUG[0;39m [36m[main][0;39m [33m[][0;39m [1;37mc.janconnect.security.TraceIdFilter[0;39m - Filter 'traceIdFilter' configured for use
01:00:53.454 [34mINFO [0;39m [36m[main][0;39m [33m[][0;39m [1;37mcom.zaxxer.hikari.HikariDataSource[0;39m - JanConnectPool-Dev - Starting...
01:00:53.897 [34mINFO [0;39m [36m[main][0;39m [33m[][0;39m [1;37mcom.zaxxer.hikari.pool.HikariPool[0;39m - JanConnectPool-Dev - Added connection com.mysql.cj.jdbc.ConnectionImpl@40cf6254
01:00:53.900 [34mINFO [0;39m [36m[main][0;39m [33m[][0;39m [1;37mcom.zaxxer.hikari.HikariDataSource[0;39m - JanConnectPool-Dev - Start completed.
01:00:53.962 [34mINFO [0;39m [36m[main][0;39m [33m[][0;39m [1;37mo.h.jpa.internal.util.LogHelper[0;39m - HHH000204: Processing PersistenceUnitInfo [name: default]
01:00:53.993 [34mINFO [0;39m [36m[main][0;39m [33m[][0;39m [1;37morg.hibernate.Version[0;39m - HHH000412: Hibernate ORM core version 6.6.22.Final
01:00:54.017 [34mINFO [0;39m [36m[main][0;39m [33m[][0;39m [1;37mo.h.c.i.RegionFactoryInitiator[0;39m - HHH000026: Second-level cache disabled
01:00:54.229 [34mINFO [0;39m [36m[main][0;39m [33m[][0;39m [1;37mo.s.o.j.p.SpringPersistenceUnitInfo[0;39m - No LoadTimeWeaver setup: ignoring JPA class transformer
01:00:54.388 [34mINFO [0;39m [36m[main][0;39m [33m[][0;39m [1;37mo.hibernate.orm.connections.pooling[0;39m - HHH10001005: Database info:
	Database JDBC URL [Connecting through datasource 'HikariDataSource (JanConnectPool-Dev)']
	Database driver: undefined/unknown
	Database version: 8.0.36
	Autocommit mode: undefined/unknown
	Isolation level: undefined/unknown
	Minimum pool size: undefined/unknown
	Maximum pool size: undefined/unknown
01:00:54.618 [34mINFO [0;39m [36m[main][0;39m [33m[][0;39m [1;37mo.h.e.t.j.p.i.JtaPlatformInitiator[0;39m - HHH000489: No JTA platform available (set 'hibernate.transaction.jta.platform' to enable JTA platform integration)
01:00:54.622 [34mINFO [0;39m [36m[main][0;39m [33m[][0;39m [1;37mo.s.o.j.LocalContainerEntityManagerFactoryBean[0;39m - Initialized JPA EntityManagerFactory for persistence unit 'default'
01:00:54.807 [39mDEBUG[0;39m [36m[main][0;39m [33m[][0;39m [1;37mo.s.w.s.m.m.a.RequestMappingHandlerMapping[0;39m - 6 mappings in 'requestMappingHandlerMapping'
01:00:54.877 [39mDEBUG[0;39m [36m[main][0;39m [33m[][0;39m [1;37mo.s.w.s.h.SimpleUrlHandlerMapping[0;39m - Patterns [/webjars/**, /**, /swagger-ui*/*swagger-initializer.js, /swagger-ui*/**] in 'resourceHandlerMapping'
01:00:54.970 [34mINFO [0;39m [36m[main][0;39m [33m[][0;39m [1;37mo.s.b.a.e.web.EndpointLinksResolver[0;39m - Exposing 5 endpoints beneath base path '/actuator'
01:00:54.994 [39mDEBUG[0;39m [36m[main][0;39m [33m[][0;39m [1;37mo.s.s.c.a.a.c.AuthenticationConfiguration$DefaultPasswordEncoderAuthenticationManagerBuilder[0;39m - No authenticationProviders and no parentAuthenticationManager defined. Returning null.
01:00:55.060 [39mDEBUG[0;39m [36m[main][0;39m [33m[][0;39m [1;37mo.s.s.web.DefaultSecurityFilterChain[0;39m - Will secure any request with filters: DisableEncodeUrlFilter, WebAsyncManagerIntegrationFilter, SecurityContextHolderFilter, HeaderWriterFilter, LogoutFilter, ApiKeyAuthFilter, RequestCacheAwareFilter, SecurityContextHolderAwareRequestFilter, AnonymousAuthenticationFilter, SessionManagementFilter, ExceptionTranslationFilter, AuthorizationFilter
01:00:55.124 [39mDEBUG[0;39m [36m[main][0;39m [33m[][0;39m [1;37mo.s.w.s.m.m.a.RequestMappingHandlerAdapter[0;39m - ControllerAdvice beans: 0 @ModelAttribute, 0 @InitBinder, 1 RequestBodyAdvice, 1 ResponseBodyAdvice
01:00:55.165 [39mDEBUG[0;39m [36m[main][0;39m [33m[][0;39m [1;37mo.s.w.s.m.m.a.ExceptionHandlerExceptionResolver[0;39m - ControllerAdvice beans: 2 @ExceptionHandler, 1 ResponseBodyAdvice
01:00:55.420 [34mINFO [0;39m [36m[main][0;39m [33m[][0;39m [1;37mo.a.coyote.http11.Http11NioProtocol[0;39m - Starting ProtocolHandler ["http-nio-9090"]
01:00:55.429 [31mWARN [0;39m [36m[main][0;39m [33m[][0;39m [1;37mo.s.b.w.s.c.AnnotationConfigServletWebServerApplicationContext[0;39m - Exception encountered during context initialization - cancelling refresh attempt: org.springframework.context.ApplicationContextException: Failed to start bean 'webServerStartStop'
01:00:55.432 [34mINFO [0;39m [36m[main][0;39m [33m[][0;39m [1;37mo.s.o.j.LocalContainerEntityManagerFactoryBean[0;39m - Closing JPA EntityManagerFactory for persistence unit 'default'
01:00:55.434 [34mINFO [0;39m [36m[main][0;39m [33m[][0;39m [1;37mcom.zaxxer.hikari.HikariDataSource[0;39m - JanConnectPool-Dev - Shutdown initiated...
01:00:55.444 [34mINFO [0;39m [36m[main][0;39m [33m[][0;39m [1;37mcom.zaxxer.hikari.HikariDataSource[0;39m - JanConnectPool-Dev - Shutdown completed.
01:00:55.465 [34mINFO [0;39m [36m[main][0;39m [33m[][0;39m [1;37mo.s.b.a.l.ConditionEvaluationReportLogger[0;39m - 

Error starting ApplicationContext. To display the condition evaluation report re-run your application with 'debug' enabled.
01:00:55.483 [1;31mERROR[0;39m [36m[main][0;39m [33m[][0;39m [1;37mo.s.b.d.LoggingFailureAnalysisReporter[0;39m - 

***************************
APPLICATION FAILED TO START
***************************

Description:

Web server failed to start. Port 9090 was already in use.

Action:

Identify and stop the process that's listening on port 9090 or configure this application to listen on another port.

[INFO] ------------------------------------------------------------------------
[INFO] BUILD FAILURE
[INFO] ------------------------------------------------------------------------
[INFO] Total time:  6.164 s
[INFO] Finished at: 2026-06-07T01:00:55+05:30
[INFO] ------------------------------------------------------------------------
[ERROR] Failed to execute goal org.springframework.boot:spring-boot-maven-plugin:3.5.4:run (default-cli) on project JanConnect: Process terminated with exit code: 1 -> [Help 1]
[ERROR] 
[ERROR] To see the full stack trace of the errors, re-run Maven with the -e switch.
[ERROR] Re-run Maven using the -X switch to enable full debug logging.
[ERROR] 
[ERROR] For more information about the errors and possible solutions, please read the following articles:
[ERROR] [Help 1] http://cwiki.apache.org/confluence/display/MAVEN/MojoExecutionException
